<?xml version="1.0" encoding="UTF-8"?>
<!-- Generated by org.testng.reporters.JUnitReportReporter -->
<testsuite hostname="QAP37-PC" name="Testng.Para" tests="2" failures="0" timestamp="9 Jun 2018 10:00:23 GMT" time="32.119" errors="0">
  <testcase name="para" time="20.753" classname="Testng.Para"/>
  <testcase name="para" time="11.366" classname="Testng.Para"/>
</testsuite> <!-- Testng.Para -->
